mode: set
github.com/hariadivicky/nano/form.go:12.78,14.56 1 1
github.com/hariadivicky/nano/form.go:21.2,22.16 2 1
github.com/hariadivicky/nano/form.go:29.2,30.16 2 1
github.com/hariadivicky/nano/form.go:37.2,37.37 1 1
github.com/hariadivicky/nano/form.go:14.56,19.3 1 0
github.com/hariadivicky/nano/form.go:22.16,27.3 1 0
github.com/hariadivicky/nano/form.go:30.16,35.3 1 0
github.com/hariadivicky/nano/form.go:42.81,44.56 1 0
github.com/hariadivicky/nano/form.go:51.2,52.16 2 0
github.com/hariadivicky/nano/form.go:59.2,60.16 2 0
github.com/hariadivicky/nano/form.go:67.2,67.37 1 0
github.com/hariadivicky/nano/form.go:44.56,49.3 1 0
github.com/hariadivicky/nano/form.go:52.16,57.3 1 0
github.com/hariadivicky/nano/form.go:60.16,65.3 1 0
github.com/hariadivicky/nano/form.go:71.73,76.40 3 1
github.com/hariadivicky/nano/form.go:80.2,80.44 1 1
github.com/hariadivicky/nano/form.go:133.2,133.12 1 1
github.com/hariadivicky/nano/form.go:76.40,78.3 1 0
github.com/hariadivicky/nano/form.go:80.44,86.27 3 1
github.com/hariadivicky/nano/form.go:92.3,92.42 1 1
github.com/hariadivicky/nano/form.go:86.27,87.12 1 0
github.com/hariadivicky/nano/form.go:92.42,95.18 2 0
github.com/hariadivicky/nano/form.go:95.18,97.5 1 0
github.com/hariadivicky/nano/form.go:98.9,103.27 2 1
github.com/hariadivicky/nano/form.go:107.4,109.15 2 1
github.com/hariadivicky/nano/form.go:113.4,115.64 2 1
github.com/hariadivicky/nano/form.go:103.27,104.13 1 0
github.com/hariadivicky/nano/form.go:109.15,110.13 1 0
github.com/hariadivicky/nano/form.go:115.64,118.41 3 0
github.com/hariadivicky/nano/form.go:123.5,123.35 1 0
github.com/hariadivicky/nano/form.go:118.41,119.83 1 0
github.com/hariadivicky/nano/form.go:119.83,121.7 1 0
github.com/hariadivicky/nano/form.go:124.10,126.86 1 1
github.com/hariadivicky/nano/form.go:126.86,128.6 1 0
github.com/hariadivicky/nano/form.go:139.85,140.14 1 1
github.com/hariadivicky/nano/form.go:174.2,174.12 1 1
github.com/hariadivicky/nano/form.go:141.19,142.36 1 0
github.com/hariadivicky/nano/form.go:143.20,144.36 1 0
github.com/hariadivicky/nano/form.go:145.21,146.37 1 0
github.com/hariadivicky/nano/form.go:147.21,148.37 1 0
github.com/hariadivicky/nano/form.go:149.21,150.37 1 0
github.com/hariadivicky/nano/form.go:151.20,152.37 1 0
github.com/hariadivicky/nano/form.go:153.21,154.37 1 0
github.com/hariadivicky/nano/form.go:155.22,156.38 1 0
github.com/hariadivicky/nano/form.go:157.22,158.38 1 0
github.com/hariadivicky/nano/form.go:159.22,160.38 1 0
github.com/hariadivicky/nano/form.go:161.20,162.34 1 0
github.com/hariadivicky/nano/form.go:163.23,164.39 1 0
github.com/hariadivicky/nano/form.go:165.23,166.39 1 0
github.com/hariadivicky/nano/form.go:167.22,169.30 1 1
github.com/hariadivicky/nano/form.go:170.10,172.36 1 0
github.com/hariadivicky/nano/form.go:178.63,181.16 2 0
github.com/hariadivicky/nano/form.go:184.2,184.30 1 0
github.com/hariadivicky/nano/form.go:181.16,183.3 1 0
github.com/hariadivicky/nano/form.go:188.64,191.16 2 0
github.com/hariadivicky/nano/form.go:194.2,194.31 1 0
github.com/hariadivicky/nano/form.go:191.16,193.3 1 0
github.com/hariadivicky/nano/form.go:198.54,201.16 2 0
github.com/hariadivicky/nano/form.go:204.2,204.31 1 0
github.com/hariadivicky/nano/form.go:201.16,203.3 1 0
github.com/hariadivicky/nano/form.go:208.65,211.16 2 0
github.com/hariadivicky/nano/form.go:214.2,214.32 1 0
github.com/hariadivicky/nano/form.go:211.16,213.3 1 0
github.com/hariadivicky/nano/json.go:12.72,14.56 1 0
github.com/hariadivicky/nano/json.go:21.2,21.19 1 0
github.com/hariadivicky/nano/json.go:32.2,32.37 1 0
github.com/hariadivicky/nano/json.go:14.56,19.3 1 0
github.com/hariadivicky/nano/json.go:21.19,24.34 3 0
github.com/hariadivicky/nano/json.go:24.34,29.4 1 0
github.com/hariadivicky/nano/recovery.go:11.29,12.26 1 0
github.com/hariadivicky/nano/recovery.go:12.26,15.16 1 0
github.com/hariadivicky/nano/recovery.go:35.3,35.11 1 0
github.com/hariadivicky/nano/recovery.go:15.16,16.48 1 0
github.com/hariadivicky/nano/recovery.go:16.48,19.12 2 0
github.com/hariadivicky/nano/recovery.go:24.5,31.74 4 0
github.com/hariadivicky/nano/recovery.go:19.12,21.6 1 0
github.com/hariadivicky/nano/tree.go:15.80,19.28 1 1
github.com/hariadivicky/nano/tree.go:26.2,30.18 3 1
github.com/hariadivicky/nano/tree.go:40.2,40.53 1 1
github.com/hariadivicky/nano/tree.go:19.28,24.3 2 1
github.com/hariadivicky/nano/tree.go:30.18,36.3 3 1
github.com/hariadivicky/nano/tree.go:45.51,48.36 1 1
github.com/hariadivicky/nano/tree.go:56.2,56.12 1 1
github.com/hariadivicky/nano/tree.go:48.36,50.51 1 1
github.com/hariadivicky/nano/tree.go:50.51,52.4 1 1
github.com/hariadivicky/nano/tree.go:61.64,64.68 1 1
github.com/hariadivicky/nano/tree.go:75.2,79.47 2 1
github.com/hariadivicky/nano/tree.go:90.2,90.12 1 1
github.com/hariadivicky/nano/tree.go:64.68,67.25 1 1
github.com/hariadivicky/nano/tree.go:71.3,71.11 1 1
github.com/hariadivicky/nano/tree.go:67.25,69.4 1 0
github.com/hariadivicky/nano/tree.go:79.47,83.20 2 1
github.com/hariadivicky/nano/tree.go:87.3,87.13 1 0
github.com/hariadivicky/nano/tree.go:83.20,85.4 1 1
github.com/hariadivicky/nano/tree.go:95.52,98.35 2 1
github.com/hariadivicky/nano/tree.go:104.2,104.14 1 1
github.com/hariadivicky/nano/tree.go:98.35,99.49 1 1
github.com/hariadivicky/nano/tree.go:99.49,101.4 1 1
github.com/hariadivicky/nano/validator.go:11.61,13.56 1 1
github.com/hariadivicky/nano/validator.go:20.2,24.26 3 1
github.com/hariadivicky/nano/validator.go:39.2,39.12 1 1
github.com/hariadivicky/nano/validator.go:13.56,18.3 1 0
github.com/hariadivicky/nano/validator.go:24.26,26.28 1 0
github.com/hariadivicky/nano/validator.go:33.3,36.4 1 0
github.com/hariadivicky/nano/validator.go:26.28,31.4 1 0
github.com/hariadivicky/nano/validator.go:47.70,49.56 2 1
github.com/hariadivicky/nano/validator.go:53.2,55.45 2 1
github.com/hariadivicky/nano/validator.go:94.2,94.18 1 1
github.com/hariadivicky/nano/validator.go:49.56,51.3 1 1
github.com/hariadivicky/nano/validator.go:55.45,59.79 2 1
github.com/hariadivicky/nano/validator.go:64.3,68.91 3 1
github.com/hariadivicky/nano/validator.go:73.3,73.63 1 1
github.com/hariadivicky/nano/validator.go:59.79,60.12 1 0
github.com/hariadivicky/nano/validator.go:68.91,70.4 1 0
github.com/hariadivicky/nano/validator.go:73.63,74.48 1 0
github.com/hariadivicky/nano/validator.go:74.48,80.62 2 0
github.com/hariadivicky/nano/validator.go:85.5,85.62 1 0
github.com/hariadivicky/nano/validator.go:89.5,89.40 1 0
github.com/hariadivicky/nano/validator.go:80.62,82.6 1 0
github.com/hariadivicky/nano/validator.go:85.62,87.6 1 0
github.com/hariadivicky/nano/binding.go:19.63,25.89 2 1
github.com/hariadivicky/nano/binding.go:46.2,46.48 1 1
github.com/hariadivicky/nano/binding.go:25.89,26.56 1 0
github.com/hariadivicky/nano/binding.go:30.3,30.55 1 0
github.com/hariadivicky/nano/binding.go:34.3,34.17 1 0
github.com/hariadivicky/nano/binding.go:38.3,41.4 1 0
github.com/hariadivicky/nano/binding.go:26.56,28.4 1 0
github.com/hariadivicky/nano/binding.go:30.55,32.4 1 0
github.com/hariadivicky/nano/binding.go:34.17,36.4 1 0
github.com/hariadivicky/nano/cors.go:29.49,32.18 1 0
github.com/hariadivicky/nano/cors.go:37.2,37.36 1 0
github.com/hariadivicky/nano/cors.go:41.2,43.50 2 0
github.com/hariadivicky/nano/cors.go:47.2,47.15 1 0
github.com/hariadivicky/nano/cors.go:32.18,34.3 1 0
github.com/hariadivicky/nano/cors.go:37.36,39.3 1 0
github.com/hariadivicky/nano/cors.go:43.50,45.3 1 0
github.com/hariadivicky/nano/cors.go:51.55,53.2 1 0
github.com/hariadivicky/nano/cors.go:56.55,58.2 1 0
github.com/hariadivicky/nano/cors.go:61.55,63.2 1 0
github.com/hariadivicky/nano/cors.go:66.51,68.2 1 0
github.com/hariadivicky/nano/cors.go:71.51,73.2 1 0
github.com/hariadivicky/nano/cors.go:76.51,78.2 1 0
github.com/hariadivicky/nano/cors.go:81.43,82.45 1 0
github.com/hariadivicky/nano/cors.go:88.2,88.14 1 0
github.com/hariadivicky/nano/cors.go:82.45,83.20 1 0
github.com/hariadivicky/nano/cors.go:83.20,85.4 1 0
github.com/hariadivicky/nano/cors.go:92.62,93.45 1 0
github.com/hariadivicky/nano/cors.go:99.2,99.14 1 0
github.com/hariadivicky/nano/cors.go:93.45,94.47 1 0
github.com/hariadivicky/nano/cors.go:94.47,96.4 1 0
github.com/hariadivicky/nano/cors.go:103.62,104.45 1 0
github.com/hariadivicky/nano/cors.go:110.2,110.14 1 0
github.com/hariadivicky/nano/cors.go:104.45,105.30 1 0
github.com/hariadivicky/nano/cors.go:105.30,107.4 1 0
github.com/hariadivicky/nano/cors.go:114.41,116.45 1 0
github.com/hariadivicky/nano/cors.go:122.2,122.48 1 0
github.com/hariadivicky/nano/cors.go:116.45,117.20 1 0
github.com/hariadivicky/nano/cors.go:117.20,119.4 1 0
github.com/hariadivicky/nano/cors.go:126.45,127.45 1 0
github.com/hariadivicky/nano/cors.go:133.2,133.14 1 0
github.com/hariadivicky/nano/cors.go:127.45,128.20 1 0
github.com/hariadivicky/nano/cors.go:128.20,130.4 1 0
github.com/hariadivicky/nano/cors.go:137.69,139.31 1 0
github.com/hariadivicky/nano/cors.go:143.2,143.51 1 0
github.com/hariadivicky/nano/cors.go:157.2,157.13 1 0
github.com/hariadivicky/nano/cors.go:139.31,141.3 1 0
github.com/hariadivicky/nano/cors.go:143.51,146.53 2 0
github.com/hariadivicky/nano/cors.go:152.3,152.15 1 0
github.com/hariadivicky/nano/cors.go:146.53,147.40 1 0
github.com/hariadivicky/nano/cors.go:147.40,149.5 1 0
github.com/hariadivicky/nano/cors.go:152.15,154.4 1 0
github.com/hariadivicky/nano/cors.go:161.54,162.20 1 0
github.com/hariadivicky/nano/cors.go:166.2,166.37 1 0
github.com/hariadivicky/nano/cors.go:170.2,171.44 2 0
github.com/hariadivicky/nano/cors.go:175.2,178.31 3 0
github.com/hariadivicky/nano/cors.go:185.2,187.29 2 0
github.com/hariadivicky/nano/cors.go:193.2,195.30 2 0
github.com/hariadivicky/nano/cors.go:162.20,164.3 1 0
github.com/hariadivicky/nano/cors.go:166.37,168.3 1 0
github.com/hariadivicky/nano/cors.go:171.44,173.3 1 0
github.com/hariadivicky/nano/cors.go:178.31,179.48 1 0
github.com/hariadivicky/nano/cors.go:179.48,181.4 1 0
github.com/hariadivicky/nano/cors.go:187.29,189.3 1 0
github.com/hariadivicky/nano/cors.go:189.8,191.3 1 0
github.com/hariadivicky/nano/cors.go:195.30,197.3 1 0
github.com/hariadivicky/nano/cors.go:201.51,202.20 1 0
github.com/hariadivicky/nano/cors.go:206.2,206.37 1 0
github.com/hariadivicky/nano/cors.go:211.2,213.29 2 0
github.com/hariadivicky/nano/cors.go:202.20,204.3 1 0
github.com/hariadivicky/nano/cors.go:206.37,208.3 1 0
github.com/hariadivicky/nano/cors.go:213.29,215.3 1 0
github.com/hariadivicky/nano/cors.go:215.8,217.3 1 0
github.com/hariadivicky/nano/cors.go:229.38,233.98 1 0
github.com/hariadivicky/nano/cors.go:241.2,243.10 2 0
github.com/hariadivicky/nano/cors.go:233.98,236.3 2 0
github.com/hariadivicky/nano/cors.go:247.52,253.37 2 0
github.com/hariadivicky/nano/cors.go:257.2,257.37 1 0
github.com/hariadivicky/nano/cors.go:261.2,261.37 1 0
github.com/hariadivicky/nano/cors.go:265.2,269.20 4 0
github.com/hariadivicky/nano/cors.go:253.37,255.3 1 0
github.com/hariadivicky/nano/cors.go:257.37,259.3 1 0
github.com/hariadivicky/nano/cors.go:261.37,263.3 1 0
github.com/hariadivicky/nano/nano.go:76.20,86.2 4 0
github.com/hariadivicky/nano/nano.go:89.56,91.2 1 0
github.com/hariadivicky/nano/nano.go:94.58,104.2 3 0
github.com/hariadivicky/nano/nano.go:107.71,109.2 1 0
github.com/hariadivicky/nano/nano.go:112.69,114.2 1 0
github.com/hariadivicky/nano/nano.go:117.68,119.2 1 0
github.com/hariadivicky/nano/nano.go:122.71,124.2 1 0
github.com/hariadivicky/nano/nano.go:128.53,130.44 1 0
github.com/hariadivicky/nano/nano.go:134.2,134.43 1 0
github.com/hariadivicky/nano/nano.go:130.44,132.3 1 0
github.com/hariadivicky/nano/nano.go:138.91,143.2 2 0
github.com/hariadivicky/nano/nano.go:146.69,150.34 2 0
github.com/hariadivicky/nano/nano.go:156.2,158.23 3 0
github.com/hariadivicky/nano/nano.go:150.34,151.50 1 0
github.com/hariadivicky/nano/nano.go:151.50,153.4 1 0
github.com/hariadivicky/nano/nano.go:162.45,164.2 1 0
github.com/hariadivicky/nano/router.go:17.26,22.2 1 1
github.com/hariadivicky/nano/router.go:25.49,30.36 3 1
github.com/hariadivicky/nano/router.go:42.2,42.17 1 1
github.com/hariadivicky/nano/router.go:30.36,32.17 1 1
github.com/hariadivicky/nano/router.go:32.17,36.22 2 1
github.com/hariadivicky/nano/router.go:36.22,37.10 1 1
github.com/hariadivicky/nano/router.go:47.85,53.13 3 1
github.com/hariadivicky/nano/router.go:59.2,63.27 3 1
github.com/hariadivicky/nano/router.go:53.13,56.3 2 1
github.com/hariadivicky/nano/router.go:68.86,75.13 4 1
github.com/hariadivicky/nano/router.go:80.2,82.17 2 1
github.com/hariadivicky/nano/router.go:99.2,99.17 1 1
github.com/hariadivicky/nano/router.go:75.13,77.3 1 1
github.com/hariadivicky/nano/router.go:82.17,84.60 1 1
github.com/hariadivicky/nano/router.go:96.3,96.22 1 1
github.com/hariadivicky/nano/router.go:84.60,86.22 1 1
github.com/hariadivicky/nano/router.go:91.4,91.39 1 1
github.com/hariadivicky/nano/router.go:86.22,88.5 1 1
github.com/hariadivicky/nano/router.go:91.39,93.5 1 1
github.com/hariadivicky/nano/router.go:103.48,104.26 1 1
github.com/hariadivicky/nano/router.go:104.26,106.3 1 1
github.com/hariadivicky/nano/router.go:111.50,113.29 1 1
github.com/hariadivicky/nano/router.go:117.2,118.10 2 1
github.com/hariadivicky/nano/router.go:113.29,115.3 1 1
github.com/hariadivicky/nano/router.go:123.37,127.17 2 1
github.com/hariadivicky/nano/router.go:140.2,140.10 1 1
github.com/hariadivicky/nano/router.go:127.17,134.3 3 1
github.com/hariadivicky/nano/router.go:134.8,137.3 1 1
github.com/hariadivicky/nano/context.go:23.66,32.2 1 1
github.com/hariadivicky/nano/context.go:35.26,39.32 2 1
github.com/hariadivicky/nano/context.go:39.32,41.3 1 1
github.com/hariadivicky/nano/context.go:45.42,47.2 1 1
github.com/hariadivicky/nano/context.go:50.48,52.2 1 1
github.com/hariadivicky/nano/context.go:55.55,57.2 1 1
github.com/hariadivicky/nano/context.go:60.54,62.2 1 1
github.com/hariadivicky/nano/context.go:65.44,68.2 2 1
github.com/hariadivicky/nano/context.go:71.47,73.2 1 1
github.com/hariadivicky/nano/context.go:76.75,79.13 2 1
github.com/hariadivicky/nano/context.go:83.2,83.10 1 1
github.com/hariadivicky/nano/context.go:79.13,81.3 1 1
github.com/hariadivicky/nano/context.go:87.44,89.2 1 1
github.com/hariadivicky/nano/context.go:92.72,95.13 2 1
github.com/hariadivicky/nano/context.go:99.2,99.10 1 1
github.com/hariadivicky/nano/context.go:95.13,97.3 1 1
github.com/hariadivicky/nano/context.go:108.64,110.2 1 1
github.com/hariadivicky/nano/context.go:113.33,115.2 1 1
github.com/hariadivicky/nano/context.go:119.37,121.2 1 1
github.com/hariadivicky/nano/context.go:124.60,126.16 2 1
github.com/hariadivicky/nano/context.go:131.2,133.20 3 1
github.com/hariadivicky/nano/context.go:126.16,129.3 2 1
github.com/hariadivicky/nano/context.go:137.81,144.2 4 1
github.com/hariadivicky/nano/context.go:147.53,151.2 3 1
github.com/hariadivicky/nano/context.go:154.55,157.2 2 1
github.com/hariadivicky/nano/gzip.go:16.45,17.26 1 0
github.com/hariadivicky/nano/gzip.go:17.26,19.74 1 0
github.com/hariadivicky/nano/gzip.go:24.3,27.17 3 0
github.com/hariadivicky/nano/gzip.go:31.3,37.11 4 0
github.com/hariadivicky/nano/gzip.go:19.74,22.4 2 0
github.com/hariadivicky/nano/gzip.go:27.17,30.4 2 0
github.com/hariadivicky/nano/gzip.go:42.54,44.2 1 0
github.com/hariadivicky/nano/gzip.go:50.44,53.2 2 0
